0 silly input [ 'prepare' ]
1 silly flags { _: [ 'run' ], script: 'prepare', args: [] }
2 verbose rootPath D:\THEIA\theia-xtext
3 info version 2.4.0
4 silly existsSync D:\THEIA\theia-xtext\VERSION
5 silly initialize attempt
6 silly initialize success
7 silly execute attempt
8 silly runScriptInPackageStreaming [ 'prepare', [], '@theia/xtext-dsl-extension' ]
9 silly getExecOpts { cwd: 'D:\\THEIA\\theia-xtext\\xtext-dsl-extension' }
10 error execute callback with error
11 error Error: Command failed: npm run prepare
11 error warning package.json: No license field
11 error warning package.json: No license field
11 error module.js:550
11 error     throw err;
11 error     ^
11 error
11 error Error: Cannot find module 'D:\THEIA\theia-xtext\node_modules\typescript\bin\tsc'
11 error     at Function.Module._resolveFilename (module.js:548:15)
11 error     at Function.Module._load (module.js:475:25)
11 error     at Function.Module.runMain (module.js:694:10)
11 error     at startup (bootstrap_node.js:204:16)
11 error     at bootstrap_node.js:625:3
11 error error Command failed with exit code 1.
11 error npm ERR! code ELIFECYCLE
11 error npm ERR! errno 1
11 error npm ERR! @theia/xtext-dsl-extension@0.1.0 prepare: `yarn run clean && yarn run build`
11 error npm ERR! Exit status 1
11 error npm ERR!
11 error npm ERR! Failed at the @theia/xtext-dsl-extension@0.1.0 prepare script.
11 error npm ERR! This is probably not a problem with npm. There is likely additional logging output above.
11 error
11 error npm ERR! A complete log of this run can be found in:
11 error npm ERR!     C:\Users\shjslk\AppData\Roaming\npm-cache\_logs\2018-11-21T06_22_13_751Z-debug.log
11 error
11 error
11 error > @theia/xtext-dsl-extension@0.1.0 prepare D:\THEIA\theia-xtext\xtext-dsl-extension
11 error > yarn run clean && yarn run build
11 error
11 error yarn run v1.12.3
11 error $ rimraf lib
11 error Done in 0.30s.
11 error yarn run v1.12.3
11 error $ tsc && yarn run copy-ls
11 error info Visit https://yarnpkg.com/en/docs/cli/run for documentation about this command.
11 error
11 error     at Promise.all.then.arr (D:\THEIA\theia-xtext\node_modules\execa\index.js:236:11)
11 error     at <anonymous>
